This file contains any messages produced by compilers while
running configure, to aid debugging if configure makes a mistake.

It was created by epg configure 0.0.16, which was
generated by GNU Autoconf 2.61.  Invocation command line was

  $ ./configure 

## --------- ##
## Platform. ##
## --------- ##

hostname = salamander.local
uname -m = i386
uname -r = 9.8.0
uname -s = Darwin
uname -v = Darwin Kernel Version 9.8.0: Wed Jul 15 16:55:01 PDT 2009; root:xnu-1228.15.4~1/RELEASE_I386

/usr/bin/uname -p = i386
/bin/uname -X     = unknown

/bin/arch              = unknown
/usr/bin/arch -k       = unknown
/usr/convex/getsysinfo = unknown
/usr/bin/hostinfo      = Mach kernel version:
	 Darwin Kernel Version 9.8.0: Wed Jul 15 16:55:01 PDT 2009; root:xnu-1228.15.4~1/RELEASE_I386
Kernel configured for up to 2 processors.
2 processors are physically available.
2 processors are logically available.
Processor type: i486 (Intel 80486)
Processors active: 0 1
Primary memory available: 2.00 gigabytes
Default processor set: 105 tasks, 429 threads, 2 processors
Load average: 0.65, Mach factor: 1.46
/bin/machine           = unknown
/usr/bin/oslevel       = unknown
/bin/universe          = unknown

PATH: /opt/local/bin
PATH: /usr/bin
PATH: /bin
PATH: /usr/sbin
PATH: /sbin
PATH: /usr/local/bin
PATH: /usr/X11/bin
PATH: /Users/dls/.cabal/bin


## ----------- ##
## Core tests. ##
## ----------- ##

configure:1719: checking for a BSD-compatible install
configure:1775: result: /usr/bin/install -c
configure:1786: checking whether build environment is sane
configure:1829: result: yes
configure:1857: checking for a thread-safe mkdir -p
configure:1896: result: ./install-sh -c -d
configure:1909: checking for gawk
configure:1925: found /opt/local/bin/gawk
configure:1936: result: gawk
configure:1947: checking whether make sets $(MAKE)
configure:1968: result: yes
configure:2340: checking for emacs
configure:2356: found /opt/local/bin/emacs
configure:2367: result: emacs
configure:2384: checking what flavor does emacs have
emacs -batch -eval '(let ((x (cond ((featurep (quote xemacs)) "XEmacs") ((boundp (quote MULE)) "MULE") (t "FSF Emacs")))) (write-region (if (stringp x) (princ x) (prin1-to-string x)) nil "./conftest-58092" nil 5))'
FSF Emacs=> FSF Emacs
configure:2425: result: FSF Emacs
configure:2428: checking prefix for your Emacs
emacs -batch -eval '(let ((x (expand-file-name ".." invocation-directory))) (write-region (if (stringp x) (princ x) (prin1-to-string x)) nil "./conftest-58092" nil 5))'
/opt/local=> /opt/local
configure:2457: result: /opt/local
configure:2466: checking where lisp files should go
configure:2488: result: $(prefix)/share/emacs/site-lisp/
configure:2614: checking for gpg
configure:2647: result: no
configure:2879: creating ./config.status

## ---------------------- ##
## Running config.status. ##
## ---------------------- ##

This file was extended by epg config.status 0.0.16, which was
generated by GNU Autoconf 2.61.  Invocation command line was

  CONFIG_FILES    = 
  CONFIG_HEADERS  = 
  CONFIG_LINKS    = 
  CONFIG_COMMANDS = 
  $ ./config.status 

on salamander.local

config.status:599: creating Makefile
config.status:599: creating epg-package-info.el

## ---------------- ##
## Cache variables. ##
## ---------------- ##

EMACS_cv_SYS_flavor='FSF Emacs'
EMACS_cv_SYS_prefix=/opt/local
ac_cv_env_build_alias_set=
ac_cv_env_build_alias_value=
ac_cv_env_host_alias_set=
ac_cv_env_host_alias_value=
ac_cv_env_target_alias_set=
ac_cv_env_target_alias_value=
ac_cv_path_install='/usr/bin/install -c'
ac_cv_prog_AWK=gawk
ac_cv_prog_EMACS=emacs
ac_cv_prog_make_make_set=yes

## ----------------- ##
## Output variables. ##
## ----------------- ##

ACLOCAL='${SHELL} /Users/dls/org/epg-0.0.16/missing --run aclocal-1.10'
AMTAR='${SHELL} /Users/dls/org/epg-0.0.16/missing --run tar'
AUTOCONF='${SHELL} /Users/dls/org/epg-0.0.16/missing --run autoconf'
AUTOHEADER='${SHELL} /Users/dls/org/epg-0.0.16/missing --run autoheader'
AUTOMAKE='${SHELL} /Users/dls/org/epg-0.0.16/missing --run automake-1.10'
AWK='gawk'
CYGPATH_W='echo'
DEFS='-DPACKAGE_NAME=\"epg\" -DPACKAGE_TARNAME=\"epg\" -DPACKAGE_VERSION=\"0.0.16\" -DPACKAGE_STRING=\"epg\ 0.0.16\" -DPACKAGE_BUGREPORT=\"ueno@unixuser.org\" -DPACKAGE=\"epg\" -DVERSION=\"0.0.16\" -DGPG_PATH=\"\"'
ECHO_C='ECHO_N=''
ECHO_T=''
EMACS='emacs'
GPG=''
GPG_PATH=''
INSTALL_DATA='${INSTALL} -m 644'
INSTALL_PROGRAM='${INSTALL}'
INSTALL_SCRIPT='${INSTALL}'
INSTALL_STRIP_PROGRAM='$(install_sh) -c -s'
LIBOBJS=''
LIBS=''
LTLIBOBJS=''
MAKEINFO='${SHELL} /Users/dls/org/epg-0.0.16/missing --run makeinfo'
PACKAGE='epg'
PACKAGEDIR=''
PACKAGE_BUGREPORT='ueno@unixuser.org'
PACKAGE_NAME='epg'
PACKAGE_STRING='epg 0.0.16'
PACKAGE_TARNAME='epg'
PACKAGE_VERSION='0.0.16'
PATH_SEPARATOR=':'
RUN_GPG_TESTS_FALSE=''
RUN_GPG_TESTS_TRUE='#'
SET_MAKE=''
SHELL='/bin/sh'
STRIP=''
VERSION='0.0.16'
XEMACS='xemacs'
XEMACS_FALSE=''
XEMACS_TRUE='#'
am__isrc=''
am__leading_dot='.'
am__tar='${AMTAR} chof - "$$tardir"'
am__untar='${AMTAR} xf -'
bindir='${exec_prefix}/bin'
build_alias=''
datadir='${datarootdir}'
datarootdir='${prefix}/share'
docdir='${datarootdir}/doc/${PACKAGE_TARNAME}'
dvidir='${docdir}'
exec_prefix='${prefix}'
host_alias=''
htmldir='${docdir}'
includedir='${prefix}/include'
infodir='${datarootdir}/info'
install_sh='$(SHELL) /Users/dls/org/epg-0.0.16/install-sh'
libdir='${exec_prefix}/lib'
libexecdir='${exec_prefix}/libexec'
lispdir='$(prefix)/share/emacs/site-lisp/'
localedir='${datarootdir}/locale'
localstatedir='${prefix}/var'
mandir='${datarootdir}/man'
mkdir_p='$(top_builddir)/./install-sh -c -d'
oldincludedir='/usr/include'
pdfdir='${docdir}'
prefix='/opt/local'
program_transform_name='s,x,x,'
psdir='${docdir}'
sbindir='${exec_prefix}/sbin'
sharedstatedir='${prefix}/com'
sysconfdir='${prefix}/etc'
target_alias=''

## ----------- ##
## confdefs.h. ##
## ----------- ##

#define PACKAGE_NAME "epg"
#define PACKAGE_TARNAME "epg"
#define PACKAGE_VERSION "0.0.16"
#define PACKAGE_STRING "epg 0.0.16"
#define PACKAGE_BUGREPORT "ueno@unixuser.org"
#define PACKAGE "epg"
#define VERSION "0.0.16"
#define GPG_PATH ""

configure: exit 0
